---------------------------------------------------------------
[ 2018-01-04T14:11:24+08:00 ] 127.0.0.1 127.0.0.1 GET /admin/type/edit.html?id=1&catid=12
[ info ] test.kaoji.com:8080/admin/type/edit.html?id=1&catid=12 [运行时间：0.070355s][吞吐率：14.21req/s] [内存消耗：2,684.96kb] [文件加载：43]
[ info ] [ LANG ] D:\www\kaoji\think\lang\zh-cn.php
[ info ] [ ROUTE ] array (
  'type' => 'module',
  'module' => 
  array (
    0 => 'admin',
    1 => 'type',
    2 => 'edit',
  ),
)
[ info ] [ HEADER ] array (
  'host' => 'test.kaoji.com:8080',
  'connection' => 'keep-alive',
  'user-agent' => 'Mozilla/5.0 (Windows NT 10.0; WOW64) AppleWebKit/537.36 (KHTML, like Gecko) Chrome/63.0.3239.9 Safari/537.36',
  'upgrade-insecure-requests' => '1',
  'accept' => 'text/html,application/xhtml+xml,application/xml;q=0.9,image/webp,image/apng,*/*;q=0.8',
  'accept-encoding' => 'gzip, deflate',
  'accept-language' => 'zh-CN,zh;q=0.9',
)
[ info ] [ PARAM ] array (
  'id' => '1',
  'catid' => '12',
)
[ info ] [ LANG ] D:\www\kaoji/app/admin\lang\zh-cn.php
[ info ] [ SESSION ] INIT array (
  'id' => '',
  'var_session_id' => '',
  'prefix' => 'think',
  'type' => '',
  'auto_start' => true,
)
[ info ] [ LOG ] INIT File
---------------------------------------------------------------
[ 2018-01-04T14:11:24+08:00 ] 127.0.0.1 127.0.0.1 GET /admin/login/index.html
[ info ] test.kaoji.com:8080/admin/login/index.html [运行时间：0.036244s][吞吐率：27.59req/s] [内存消耗：2,527.02kb] [文件加载：42]
[ info ] [ LANG ] D:\www\kaoji\think\lang\zh-cn.php
[ info ] [ ROUTE ] array (
  'type' => 'module',
  'module' => 
  array (
    0 => 'admin',
    1 => 'login',
    2 => 'index',
  ),
)
[ info ] [ HEADER ] array (
  'host' => 'test.kaoji.com:8080',
  'connection' => 'keep-alive',
  'user-agent' => 'Mozilla/5.0 (Windows NT 10.0; WOW64) AppleWebKit/537.36 (KHTML, like Gecko) Chrome/63.0.3239.9 Safari/537.36',
  'upgrade-insecure-requests' => '1',
  'accept' => 'text/html,application/xhtml+xml,application/xml;q=0.9,image/webp,image/apng,*/*;q=0.8',
  'accept-encoding' => 'gzip, deflate',
  'accept-language' => 'zh-CN,zh;q=0.9',
  'cookie' => 'PHPSESSID=e5nr4hg5vu7otcm0r085tv9e56',
)
[ info ] [ PARAM ] array (
)
[ info ] [ LANG ] D:\www\kaoji/app/admin\lang\zh-cn.php
[ info ] [ SESSION ] INIT array (
  'id' => '',
  'var_session_id' => '',
  'prefix' => 'think',
  'type' => '',
  'auto_start' => true,
)
[ info ] [ RUN ] app\admin\controller\Login->index[ D:\www\kaoji\app\admin\controller\Login.php ]
[ info ] [ VIEW ] D:\www\kaoji/app/admin\view\login\index.html [ array (
) ]
[ info ] [ LOG ] INIT File
---------------------------------------------------------------
[ 2018-01-04T14:11:24+08:00 ] 127.0.0.1 127.0.0.1 GET /captcha.html
[ info ] test.kaoji.com:8080/captcha.html [运行时间：0.048945s][吞吐率：20.43req/s] [内存消耗：2,044.10kb] [文件加载：32]
[ info ] [ LANG ] D:\www\kaoji\think\lang\zh-cn.php
[ info ] [ ROUTE ] array (
  'type' => 'method',
  'method' => 
  array (
    0 => '\\think\\captcha\\CaptchaController',
    1 => 'index',
  ),
  'var' => 
  array (
  ),
)
[ info ] [ HEADER ] array (
  'host' => 'test.kaoji.com:8080',
  'connection' => 'keep-alive',
  'user-agent' => 'Mozilla/5.0 (Windows NT 10.0; WOW64) AppleWebKit/537.36 (KHTML, like Gecko) Chrome/63.0.3239.9 Safari/537.36',
  'accept' => 'image/webp,image/apng,image/*,*/*;q=0.8',
  'referer' => 'http://test.kaoji.com:8080/admin/login/index.html',
  'accept-encoding' => 'gzip, deflate',
  'accept-language' => 'zh-CN,zh;q=0.9',
  'cookie' => 'PHPSESSID=e5nr4hg5vu7otcm0r085tv9e56',
)
[ info ] [ PARAM ] array (
  'id' => NULL,
)
[ info ] [ RUN ] think\captcha\CaptchaController->index[ D:\www\kaoji\vendor\topthink\think-captcha\src\CaptchaController.php ]
[ info ] [ SESSION ] INIT array (
  'id' => '',
  'var_session_id' => '',
  'prefix' => 'think',
  'type' => '',
  'auto_start' => true,
)
[ info ] [ LOG ] INIT File
---------------------------------------------------------------
[ 2018-01-04T14:11:24+08:00 ] 127.0.0.1 127.0.0.1 GET /favicon.ico
[ info ] test.kaoji.com:8080/favicon.ico [运行时间：0.051454s][吞吐率：19.43req/s] [内存消耗：2,035.21kb] [文件加载：33]
[ info ] [ LANG ] D:\www\kaoji\think\lang\zh-cn.php
[ info ] [ ROUTE ] array (
  'type' => 'module',
  'module' => 
  array (
    0 => 'favicon.ico',
    1 => NULL,
    2 => NULL,
  ),
)
[ info ] [ HEADER ] array (
  'host' => 'test.kaoji.com:8080',
  'connection' => 'keep-alive',
  'user-agent' => 'Mozilla/5.0 (Windows NT 10.0; WOW64) AppleWebKit/537.36 (KHTML, like Gecko) Chrome/63.0.3239.9 Safari/537.36',
  'accept' => 'image/webp,image/apng,image/*,*/*;q=0.8',
  'referer' => 'http://test.kaoji.com:8080/admin/login/index.html',
  'accept-encoding' => 'gzip, deflate',
  'accept-language' => 'zh-CN,zh;q=0.9',
  'cookie' => 'PHPSESSID=e5nr4hg5vu7otcm0r085tv9e56',
)
[ info ] [ PARAM ] array (
)
[ info ] [ LOG ] INIT File
