---------------------------------------------------------------
[ 2017-12-20T13:24:28+08:00 ] 127.0.0.1 127.0.0.1 POST /admin/index/clear.html
[ info ] test.cltphp.com:8080/admin/index/clear.html [运行时间：0.067779s][吞吐率：14.75req/s] [内存消耗：2,660.91kb] [文件加载：48]
[ info ] [ LANG ] D:\www\cltphp\think\lang\zh-cn.php
[ info ] [ ROUTE ] array (
  'type' => 'module',
  'module' => 
  array (
    0 => 'admin',
    1 => 'index',
    2 => 'clear',
  ),
)
[ info ] [ HEADER ] array (
  'host' => 'test.cltphp.com:8080',
  'connection' => 'keep-alive',
  'content-length' => '0',
  'accept' => '*/*',
  'origin' => 'http://test.cltphp.com:8080',
  'x-requested-with' => 'XMLHttpRequest',
  'user-agent' => 'Mozilla/5.0 (Windows NT 10.0; WOW64) AppleWebKit/537.36 (KHTML, like Gecko) Chrome/63.0.3239.9 Safari/537.36',
  'referer' => 'http://test.cltphp.com:8080/admin/index/index.html',
  'accept-encoding' => 'gzip, deflate',
  'accept-language' => 'zh-CN,zh;q=0.9',
  'cookie' => 'PHPSESSID=cq4of1sc0sqigodubjm0of1385',
)
[ info ] [ PARAM ] array (
)
[ info ] [ LANG ] D:\www\cltphp/app/admin\lang\zh-cn.php
[ info ] [ SESSION ] INIT array (
  'id' => '',
  'var_session_id' => '',
  'prefix' => 'think',
  'type' => '',
  'auto_start' => true,
)
[ info ] [ RUN ] app\admin\controller\Index->clear[ D:\www\cltphp\app\admin\controller\Index.php ]
[ info ] [ LOG ] INIT File
---------------------------------------------------------------
[ 2017-12-20T13:24:32+08:00 ] 127.0.0.1 127.0.0.1 GET /admin/index/index.html
[ info ] test.cltphp.com:8080/admin/index/index.html [运行时间：0.197939s][吞吐率：5.05req/s] [内存消耗：4,267.82kb] [文件加载：55]
[ info ] [ LANG ] D:\www\cltphp\think\lang\zh-cn.php
[ info ] [ ROUTE ] array (
  'type' => 'module',
  'module' => 
  array (
    0 => 'admin',
    1 => 'index',
    2 => 'index',
  ),
)
[ info ] [ HEADER ] array (
  'host' => 'test.cltphp.com:8080',
  'connection' => 'keep-alive',
  'upgrade-insecure-requests' => '1',
  'user-agent' => 'Mozilla/5.0 (Windows NT 10.0; WOW64) AppleWebKit/537.36 (KHTML, like Gecko) Chrome/63.0.3239.9 Safari/537.36',
  'accept' => 'text/html,application/xhtml+xml,application/xml;q=0.9,image/webp,image/apng,*/*;q=0.8',
  'referer' => 'http://test.cltphp.com:8080/admin/index/index.html',
  'accept-encoding' => 'gzip, deflate',
  'accept-language' => 'zh-CN,zh;q=0.9',
  'cookie' => 'PHPSESSID=cq4of1sc0sqigodubjm0of1385',
)
[ info ] [ PARAM ] array (
)
[ info ] [ LANG ] D:\www\cltphp/app/admin\lang\zh-cn.php
[ info ] [ SESSION ] INIT array (
  'id' => '',
  'var_session_id' => '',
  'prefix' => 'think',
  'type' => '',
  'auto_start' => true,
)
[ info ] [ DB ] INIT mysql
[ info ] [ RUN ] app\admin\controller\Index->index[ D:\www\cltphp\app\admin\controller\Index.php ]
[ info ] [ CACHE ] INIT File
[ info ] [ VIEW ] D:\www\cltphp/app/admin\view\index\index.html [ array (
  0 => 'menus',
) ]
[ info ] [ LOG ] INIT File
[ sql ] [ DB ] CONNECT:[ UseTime:0.012162s ] mysql:dbname=kaoji;host=127.0.0.1;port=3306;charset=utf8
[ sql ] [ SQL ] SHOW COLUMNS FROM `clt_module` [ RunTime:0.011714s ]
[ sql ] [ SQL ] SELECT * FROM `clt_module` ORDER BY `listorder` [ RunTime:0.001018s ]
[ sql ] [ SQL ] SHOW COLUMNS FROM `clt_role` [ RunTime:0.009961s ]
[ sql ] [ SQL ] SELECT * FROM `clt_role` ORDER BY `listorder` [ RunTime:0.000470s ]
[ sql ] [ SQL ] SHOW COLUMNS FROM `clt_category` [ RunTime:0.011827s ]
[ sql ] [ SQL ] SELECT * FROM `clt_category` ORDER BY `listorder` [ RunTime:0.000977s ]
[ sql ] [ SQL ] SHOW COLUMNS FROM `clt_posid` [ RunTime:0.010282s ]
[ sql ] [ SQL ] SELECT * FROM `clt_posid` ORDER BY `listorder` [ RunTime:0.000474s ]
[ sql ] [ SQL ] SHOW COLUMNS FROM `clt_field` [ RunTime:0.011377s ]
[ sql ] [ SQL ] SELECT * FROM `clt_field` WHERE  (  moduleid=1 ) ORDER BY `listorder` [ RunTime:0.000657s ]
[ sql ] [ SQL ] SELECT * FROM `clt_field` WHERE  (  moduleid=2 ) ORDER BY `listorder` [ RunTime:0.000696s ]
[ sql ] [ SQL ] SELECT * FROM `clt_field` WHERE  (  moduleid=3 ) ORDER BY `listorder` [ RunTime:0.000718s ]
[ sql ] [ SQL ] SELECT * FROM `clt_field` WHERE  (  moduleid=4 ) ORDER BY `listorder` [ RunTime:0.000724s ]
[ sql ] [ SQL ] SELECT * FROM `clt_field` WHERE  (  moduleid=5 ) ORDER BY `listorder` [ RunTime:0.000715s ]
[ sql ] [ SQL ] SELECT * FROM `clt_field` WHERE  (  moduleid=6 ) ORDER BY `listorder` [ RunTime:0.000654s ]
[ sql ] [ SQL ] SELECT * FROM `clt_field` WHERE  (  moduleid=11 ) ORDER BY `listorder` [ RunTime:0.000736s ]
[ sql ] [ SQL ] SHOW COLUMNS FROM `clt_system` [ RunTime:0.014314s ]
[ sql ] [ SQL ] SELECT * FROM `clt_system` WHERE  `id` = 1 LIMIT 1 [ RunTime:0.000829s ]
[ sql ] [ SQL ] SHOW COLUMNS FROM `clt_lmcate` [ RunTime:0.013624s ]
[ sql ] [ SQL ] SELECT * FROM `clt_lmcate` ORDER BY `listorder` [ RunTime:0.000553s ]
[ sql ] [ SQL ] SHOW COLUMNS FROM `clt_auth_rule` [ RunTime:0.013442s ]
[ sql ] [ SQL ] SELECT * FROM `clt_auth_rule` WHERE  (  menustatus=1 ) ORDER BY `sort` [ RunTime:0.000580s ]
---------------------------------------------------------------
[ 2017-12-20T13:24:32+08:00 ] 127.0.0.1 127.0.0.1 GET /admin/index/main.html
[ info ] test.cltphp.com:8080/admin/index/main.html [运行时间：0.059724s][吞吐率：16.74req/s] [内存消耗：3,098.03kb] [文件加载：53]
[ info ] [ LANG ] D:\www\cltphp\think\lang\zh-cn.php
[ info ] [ ROUTE ] array (
  'type' => 'module',
  'module' => 
  array (
    0 => 'admin',
    1 => 'index',
    2 => 'main',
  ),
)
[ info ] [ HEADER ] array (
  'host' => 'test.cltphp.com:8080',
  'connection' => 'keep-alive',
  'upgrade-insecure-requests' => '1',
  'user-agent' => 'Mozilla/5.0 (Windows NT 10.0; WOW64) AppleWebKit/537.36 (KHTML, like Gecko) Chrome/63.0.3239.9 Safari/537.36',
  'accept' => 'text/html,application/xhtml+xml,application/xml;q=0.9,image/webp,image/apng,*/*;q=0.8',
  'referer' => 'http://test.cltphp.com:8080/admin/index/index.html',
  'accept-encoding' => 'gzip, deflate',
  'accept-language' => 'zh-CN,zh;q=0.9',
  'cookie' => 'skin=0; PHPSESSID=cq4of1sc0sqigodubjm0of1385',
)
[ info ] [ PARAM ] array (
)
[ info ] [ LANG ] D:\www\cltphp/app/admin\lang\zh-cn.php
[ info ] [ SESSION ] INIT array (
  'id' => '',
  'var_session_id' => '',
  'prefix' => 'think',
  'type' => '',
  'auto_start' => true,
)
[ info ] [ RUN ] app\admin\controller\Index->main[ D:\www\cltphp\app\admin\controller\Index.php ]
[ info ] [ DB ] INIT mysql
[ info ] [ VIEW ] D:\www\cltphp/app/admin\view\index\main.html [ array (
  0 => 'config',
) ]
[ info ] [ LOG ] INIT File
[ sql ] [ DB ] CONNECT:[ UseTime:0.003017s ] mysql:dbname=kaoji;host=127.0.0.1;port=3306;charset=utf8
[ sql ] [ SQL ] SELECT VERSION() AS ver [ RunTime:0.000432s ]
---------------------------------------------------------------
[ 2017-12-20T13:24:35+08:00 ] 127.0.0.1 127.0.0.1 GET /admin/Category/index.html
[ info ] test.cltphp.com:8080/admin/Category/index.html [运行时间：0.045770s][吞吐率：21.85req/s] [内存消耗：4,072.65kb] [文件加载：57]
[ info ] [ LANG ] D:\www\cltphp\think\lang\zh-cn.php
[ info ] [ ROUTE ] array (
  'type' => 'module',
  'module' => 
  array (
    0 => 'admin',
    1 => 'Category',
    2 => 'index',
  ),
)
[ info ] [ HEADER ] array (
  'host' => 'test.cltphp.com:8080',
  'connection' => 'keep-alive',
  'upgrade-insecure-requests' => '1',
  'user-agent' => 'Mozilla/5.0 (Windows NT 10.0; WOW64) AppleWebKit/537.36 (KHTML, like Gecko) Chrome/63.0.3239.9 Safari/537.36',
  'accept' => 'text/html,application/xhtml+xml,application/xml;q=0.9,image/webp,image/apng,*/*;q=0.8',
  'referer' => 'http://test.cltphp.com:8080/admin/index/index.html',
  'accept-encoding' => 'gzip, deflate',
  'accept-language' => 'zh-CN,zh;q=0.9',
  'cookie' => 'skin=0; PHPSESSID=cq4of1sc0sqigodubjm0of1385',
)
[ info ] [ PARAM ] array (
)
[ info ] [ LANG ] D:\www\cltphp/app/admin\lang\zh-cn.php
[ info ] [ SESSION ] INIT array (
  'id' => '',
  'var_session_id' => '',
  'prefix' => 'think',
  'type' => '',
  'auto_start' => true,
)
[ info ] [ DB ] INIT mysql
[ info ] [ RUN ] app\admin\controller\Category->index[ D:\www\cltphp\app\admin\controller\Category.php ]
[ info ] [ VIEW ] D:\www\cltphp/app/admin\view\category\index.html [ array (
  0 => 'module',
  1 => 'categorys',
  2 => 'title',
) ]
[ info ] [ LOG ] INIT File
---------------------------------------------------------------
[ 2017-12-20T13:24:37+08:00 ] 127.0.0.1 127.0.0.1 GET /admin/Category/edit/id/12.html
[ info ] test.cltphp.com:8080/admin/Category/edit/id/12.html [运行时间：0.077771s][吞吐率：12.86req/s] [内存消耗：4,273.98kb] [文件加载：61]
[ info ] [ LANG ] D:\www\cltphp\think\lang\zh-cn.php
[ info ] [ ROUTE ] array (
  'type' => 'module',
  'module' => 
  array (
    0 => 'admin',
    1 => 'Category',
    2 => 'edit',
  ),
)
[ info ] [ HEADER ] array (
  'host' => 'test.cltphp.com:8080',
  'connection' => 'keep-alive',
  'upgrade-insecure-requests' => '1',
  'user-agent' => 'Mozilla/5.0 (Windows NT 10.0; WOW64) AppleWebKit/537.36 (KHTML, like Gecko) Chrome/63.0.3239.9 Safari/537.36',
  'accept' => 'text/html,application/xhtml+xml,application/xml;q=0.9,image/webp,image/apng,*/*;q=0.8',
  'referer' => 'http://test.cltphp.com:8080/admin/Category/index.html',
  'accept-encoding' => 'gzip, deflate',
  'accept-language' => 'zh-CN,zh;q=0.9',
  'cookie' => 'skin=0; skin=0; PHPSESSID=cq4of1sc0sqigodubjm0of1385',
)
[ info ] [ PARAM ] array (
  'id' => '12',
)
[ info ] [ LANG ] D:\www\cltphp/app/admin\lang\zh-cn.php
[ info ] [ SESSION ] INIT array (
  'id' => '',
  'var_session_id' => '',
  'prefix' => 'think',
  'type' => '',
  'auto_start' => true,
)
[ info ] [ DB ] INIT mysql
[ info ] [ RUN ] app\admin\controller\Category->edit[ D:\www\cltphp\app\admin\controller\Category.php ]
[ info ] [ VIEW ] D:\www\cltphp/app/admin\view\category\edit.html [ array (
  0 => 'module',
  1 => 'modulelist',
  2 => 'categorys',
  3 => 'record',
  4 => 'rlist',
  5 => 'title',
  6 => 'templates',
  7 => 'atemplates',
) ]
[ info ] [ LOG ] INIT File
[ sql ] [ DB ] CONNECT:[ UseTime:0.011270s ] mysql:dbname=kaoji;host=127.0.0.1;port=3306;charset=utf8
[ sql ] [ SQL ] SHOW COLUMNS FROM `clt_module` [ RunTime:0.011431s ]
[ sql ] [ SQL ] SELECT `id`,`title`,`name` FROM `clt_module` [ RunTime:0.000318s ]
[ sql ] [ SQL ] SHOW COLUMNS FROM `clt_auth_group` [ RunTime:0.010241s ]
[ sql ] [ SQL ] SELECT * FROM `clt_auth_group` [ RunTime:0.000455s ]
[ error ] [8]Use of undefined constant listtype - assumed 'listtype'[D:\www\cltphp\runtime\temp\fe8a0a7343653ccccb42fd1463b0f164.php:254]
---------------------------------------------------------------
[ 2017-12-20T13:24:39+08:00 ] 127.0.0.1 127.0.0.1 GET /admin/category/index.html
[ info ] test.cltphp.com:8080/admin/category/index.html [运行时间：0.036716s][吞吐率：27.24req/s] [内存消耗：3,843.77kb] [文件加载：55]
[ info ] [ LANG ] D:\www\cltphp\think\lang\zh-cn.php
[ info ] [ ROUTE ] array (
  'type' => 'module',
  'module' => 
  array (
    0 => 'admin',
    1 => 'category',
    2 => 'index',
  ),
)
[ info ] [ HEADER ] array (
  'host' => 'test.cltphp.com:8080',
  'connection' => 'keep-alive',
  'upgrade-insecure-requests' => '1',
  'user-agent' => 'Mozilla/5.0 (Windows NT 10.0; WOW64) AppleWebKit/537.36 (KHTML, like Gecko) Chrome/63.0.3239.9 Safari/537.36',
  'accept' => 'text/html,application/xhtml+xml,application/xml;q=0.9,image/webp,image/apng,*/*;q=0.8',
  'referer' => 'http://test.cltphp.com:8080/admin/Category/edit/id/12.html',
  'accept-encoding' => 'gzip, deflate',
  'accept-language' => 'zh-CN,zh;q=0.9',
  'cookie' => 'skin=0; PHPSESSID=cq4of1sc0sqigodubjm0of1385',
)
[ info ] [ PARAM ] array (
)
[ info ] [ LANG ] D:\www\cltphp/app/admin\lang\zh-cn.php
[ info ] [ SESSION ] INIT array (
  'id' => '',
  'var_session_id' => '',
  'prefix' => 'think',
  'type' => '',
  'auto_start' => true,
)
[ info ] [ DB ] INIT mysql
[ info ] [ RUN ] app\admin\controller\Category->index[ D:\www\cltphp\app\admin\controller\Category.php ]
[ info ] [ VIEW ] D:\www\cltphp/app/admin\view\category\index.html [ array (
  0 => 'module',
  1 => 'categorys',
  2 => 'title',
) ]
[ info ] [ LOG ] INIT File
---------------------------------------------------------------
[ 2017-12-20T13:24:40+08:00 ] 127.0.0.1 127.0.0.1 GET /admin/type/index/catid/12.html
[ info ] test.cltphp.com:8080/admin/type/index/catid/12.html [运行时间：0.065576s][吞吐率：15.25req/s] [内存消耗：4,171.00kb] [文件加载：58]
[ info ] [ LANG ] D:\www\cltphp\think\lang\zh-cn.php
[ info ] [ ROUTE ] array (
  'type' => 'module',
  'module' => 
  array (
    0 => 'admin',
    1 => 'type',
    2 => 'index',
  ),
)
[ info ] [ HEADER ] array (
  'host' => 'test.cltphp.com:8080',
  'connection' => 'keep-alive',
  'upgrade-insecure-requests' => '1',
  'user-agent' => 'Mozilla/5.0 (Windows NT 10.0; WOW64) AppleWebKit/537.36 (KHTML, like Gecko) Chrome/63.0.3239.9 Safari/537.36',
  'accept' => 'text/html,application/xhtml+xml,application/xml;q=0.9,image/webp,image/apng,*/*;q=0.8',
  'referer' => 'http://test.cltphp.com:8080/admin/category/index.html',
  'accept-encoding' => 'gzip, deflate',
  'accept-language' => 'zh-CN,zh;q=0.9',
  'cookie' => 'skin=0; PHPSESSID=cq4of1sc0sqigodubjm0of1385',
)
[ info ] [ PARAM ] array (
  'catid' => '12',
)
[ info ] [ LANG ] D:\www\cltphp/app/admin\lang\zh-cn.php
[ info ] [ SESSION ] INIT array (
  'id' => '',
  'var_session_id' => '',
  'prefix' => 'think',
  'type' => '',
  'auto_start' => true,
)
[ info ] [ DB ] INIT mysql
[ info ] [ RUN ] app\admin\controller\EmptyController->index[ D:\www\cltphp\app\admin\controller\EmptyController.php ]
[ info ] [ VIEW ] D:\www\cltphp/app/admin\view\type_yqtype_list.html [ array (
  0 => 'fields',
) ]
[ info ] [ LOG ] INIT File
[ sql ] [ DB ] CONNECT:[ UseTime:0.011897s ] mysql:dbname=kaoji;host=127.0.0.1;port=3306;charset=utf8
[ sql ] [ SQL ] SHOW COLUMNS FROM `clt_category` [ RunTime:0.015022s ]
[ sql ] [ SQL ] SELECT COUNT(*) AS tp_count FROM `clt_category` WHERE  `parentid` = 12 LIMIT 1 [ RunTime:0.000611s ]
[ sql ] [ SQL ] SELECT `atemplate_list` FROM `clt_category` WHERE  `id` = 12 [ RunTime:0.000525s ]
---------------------------------------------------------------
[ 2017-12-20T13:24:40+08:00 ] 127.0.0.1 127.0.0.1 POST /admin/type/index.html
[ info ] test.cltphp.com:8080/admin/type/index.html [运行时间：0.094811s][吞吐率：10.55req/s] [内存消耗：4,071.69kb] [文件加载：58]
[ info ] [ LANG ] D:\www\cltphp\think\lang\zh-cn.php
[ info ] [ ROUTE ] array (
  'type' => 'module',
  'module' => 
  array (
    0 => 'admin',
    1 => 'type',
    2 => 'index',
  ),
)
[ info ] [ HEADER ] array (
  'host' => 'test.cltphp.com:8080',
  'connection' => 'keep-alive',
  'content-length' => '24',
  'accept' => 'application/json, text/javascript, */*; q=0.01',
  'origin' => 'http://test.cltphp.com:8080',
  'x-requested-with' => 'XMLHttpRequest',
  'user-agent' => 'Mozilla/5.0 (Windows NT 10.0; WOW64) AppleWebKit/537.36 (KHTML, like Gecko) Chrome/63.0.3239.9 Safari/537.36',
  'content-type' => 'application/x-www-form-urlencoded; charset=UTF-8',
  'referer' => 'http://test.cltphp.com:8080/admin/type/index/catid/12.html',
  'accept-encoding' => 'gzip, deflate',
  'accept-language' => 'zh-CN,zh;q=0.9',
  'cookie' => 'PHPSESSID=cq4of1sc0sqigodubjm0of1385',
)
[ info ] [ PARAM ] array (
  'page' => '1',
  'limit' => '10',
  'catid' => '12',
)
[ info ] [ LANG ] D:\www\cltphp/app/admin\lang\zh-cn.php
[ info ] [ SESSION ] INIT array (
  'id' => '',
  'var_session_id' => '',
  'prefix' => 'think',
  'type' => '',
  'auto_start' => true,
)
[ info ] [ DB ] INIT mysql
[ info ] [ RUN ] app\admin\controller\EmptyController->index[ D:\www\cltphp\app\admin\controller\EmptyController.php ]
[ info ] [ LOG ] INIT File
[ sql ] [ DB ] CONNECT:[ UseTime:0.010309s ] mysql:dbname=kaoji;host=127.0.0.1;port=3306;charset=utf8
[ sql ] [ SQL ] SHOW COLUMNS FROM `clt_category` [ RunTime:0.013448s ]
[ sql ] [ SQL ] SELECT `id` FROM `clt_category` WHERE  `parentid` = 12 [ RunTime:0.000485s ]
[ sql ] [ SQL ] SHOW COLUMNS FROM `clt_type` [ RunTime:0.014274s ]
[ sql ] [ SQL ] SHOW COLUMNS FROM `clt_type` [ RunTime:0.013573s ]
[ sql ] [ SQL ] SELECT COUNT(*) AS tp_count FROM `clt_type` WHERE  `catid` IN (12) LIMIT 1 [ RunTime:0.000448s ]
[ sql ] [ SQL ] SELECT * FROM `clt_type` WHERE  `catid` IN (12) ORDER BY listorder asc,id desc LIMIT 0,10 [ RunTime:0.000648s ]
---------------------------------------------------------------
[ 2017-12-20T13:24:44+08:00 ] 127.0.0.1 127.0.0.1 GET /admin/Category/index.html
[ info ] test.cltphp.com:8080/admin/Category/index.html [运行时间：0.032970s][吞吐率：30.33req/s] [内存消耗：3,843.77kb] [文件加载：55]
[ info ] [ LANG ] D:\www\cltphp\think\lang\zh-cn.php
[ info ] [ ROUTE ] array (
  'type' => 'module',
  'module' => 
  array (
    0 => 'admin',
    1 => 'Category',
    2 => 'index',
  ),
)
[ info ] [ HEADER ] array (
  'host' => 'test.cltphp.com:8080',
  'connection' => 'keep-alive',
  'upgrade-insecure-requests' => '1',
  'user-agent' => 'Mozilla/5.0 (Windows NT 10.0; WOW64) AppleWebKit/537.36 (KHTML, like Gecko) Chrome/63.0.3239.9 Safari/537.36',
  'accept' => 'text/html,application/xhtml+xml,application/xml;q=0.9,image/webp,image/apng,*/*;q=0.8',
  'referer' => 'http://test.cltphp.com:8080/admin/type/index/catid/12.html',
  'accept-encoding' => 'gzip, deflate',
  'accept-language' => 'zh-CN,zh;q=0.9',
  'cookie' => 'skin=0; PHPSESSID=cq4of1sc0sqigodubjm0of1385',
)
[ info ] [ PARAM ] array (
)
[ info ] [ LANG ] D:\www\cltphp/app/admin\lang\zh-cn.php
[ info ] [ SESSION ] INIT array (
  'id' => '',
  'var_session_id' => '',
  'prefix' => 'think',
  'type' => '',
  'auto_start' => true,
)
[ info ] [ DB ] INIT mysql
[ info ] [ RUN ] app\admin\controller\Category->index[ D:\www\cltphp\app\admin\controller\Category.php ]
[ info ] [ VIEW ] D:\www\cltphp/app/admin\view\category\index.html [ array (
  0 => 'module',
  1 => 'categorys',
  2 => 'title',
) ]
[ info ] [ LOG ] INIT File
---------------------------------------------------------------
[ 2017-12-20T13:24:51+08:00 ] 127.0.0.1 127.0.0.1 GET /admin/Message/index.html
[ info ] test.cltphp.com:8080/admin/Message/index.html [运行时间：0.032771s][吞吐率：30.51req/s] [内存消耗：2,860.77kb] [文件加载：50]
[ info ] [ LANG ] D:\www\cltphp\think\lang\zh-cn.php
[ info ] [ ROUTE ] array (
  'type' => 'module',
  'module' => 
  array (
    0 => 'admin',
    1 => 'Message',
    2 => 'index',
  ),
)
[ info ] [ HEADER ] array (
  'host' => 'test.cltphp.com:8080',
  'connection' => 'keep-alive',
  'upgrade-insecure-requests' => '1',
  'user-agent' => 'Mozilla/5.0 (Windows NT 10.0; WOW64) AppleWebKit/537.36 (KHTML, like Gecko) Chrome/63.0.3239.9 Safari/537.36',
  'accept' => 'text/html,application/xhtml+xml,application/xml;q=0.9,image/webp,image/apng,*/*;q=0.8',
  'referer' => 'http://test.cltphp.com:8080/admin/index/index.html',
  'accept-encoding' => 'gzip, deflate',
  'accept-language' => 'zh-CN,zh;q=0.9',
  'cookie' => 'PHPSESSID=cq4of1sc0sqigodubjm0of1385',
)
[ info ] [ PARAM ] array (
)
[ info ] [ LANG ] D:\www\cltphp/app/admin\lang\zh-cn.php
[ info ] [ SESSION ] INIT array (
  'id' => '',
  'var_session_id' => '',
  'prefix' => 'think',
  'type' => '',
  'auto_start' => true,
)
[ info ] [ RUN ] app\admin\controller\Message->index[ D:\www\cltphp\app\admin\controller\Message.php ]
[ info ] [ VIEW ] D:\www\cltphp/app/admin\view\message\index.html [ array (
) ]
[ info ] [ LOG ] INIT File
---------------------------------------------------------------
[ 2017-12-20T13:24:52+08:00 ] 127.0.0.1 127.0.0.1 POST /admin/message/index.html
[ info ] test.cltphp.com:8080/admin/message/index.html [运行时间：0.079802s][吞吐率：12.53req/s] [内存消耗：3,907.25kb] [文件加载：57]
[ info ] [ LANG ] D:\www\cltphp\think\lang\zh-cn.php
[ info ] [ ROUTE ] array (
  'type' => 'module',
  'module' => 
  array (
    0 => 'admin',
    1 => 'message',
    2 => 'index',
  ),
)
[ info ] [ HEADER ] array (
  'host' => 'test.cltphp.com:8080',
  'connection' => 'keep-alive',
  'content-length' => '15',
  'accept' => 'application/json, text/javascript, */*; q=0.01',
  'origin' => 'http://test.cltphp.com:8080',
  'x-requested-with' => 'XMLHttpRequest',
  'user-agent' => 'Mozilla/5.0 (Windows NT 10.0; WOW64) AppleWebKit/537.36 (KHTML, like Gecko) Chrome/63.0.3239.9 Safari/537.36',
  'content-type' => 'application/x-www-form-urlencoded; charset=UTF-8',
  'referer' => 'http://test.cltphp.com:8080/admin/Message/index.html',
  'accept-encoding' => 'gzip, deflate',
  'accept-language' => 'zh-CN,zh;q=0.9',
  'cookie' => 'PHPSESSID=cq4of1sc0sqigodubjm0of1385',
)
[ info ] [ PARAM ] array (
  'page' => '1',
  'limit' => '10',
)
[ info ] [ LANG ] D:\www\cltphp/app/admin\lang\zh-cn.php
[ info ] [ SESSION ] INIT array (
  'id' => '',
  'var_session_id' => '',
  'prefix' => 'think',
  'type' => '',
  'auto_start' => true,
)
[ info ] [ RUN ] app\admin\controller\Message->index[ D:\www\cltphp\app\admin\controller\Message.php ]
[ info ] [ DB ] INIT mysql
[ info ] [ LOG ] INIT File
[ sql ] [ DB ] CONNECT:[ UseTime:0.012293s ] mysql:dbname=kaoji;host=127.0.0.1;port=3306;charset=utf8
[ sql ] [ SQL ] SHOW COLUMNS FROM `clt_message` [ RunTime:0.018884s ]
[ sql ] [ SQL ] SELECT COUNT(*) AS tp_count FROM `clt_message` WHERE  ( `name` LIKE '%%' OR `tel` LIKE '%%' OR `content` LIKE '%%' ) LIMIT 1 [ RunTime:0.000583s ]
[ sql ] [ SQL ] SELECT * FROM `clt_message` WHERE  ( `name` LIKE '%%' OR `tel` LIKE '%%' OR `content` LIKE '%%' ) ORDER BY addtime desc LIMIT 0,10 [ RunTime:0.000591s ]
---------------------------------------------------------------
[ 2017-12-20T13:24:52+08:00 ] 127.0.0.1 127.0.0.1 GET /admin/Link/index.html
[ info ] test.cltphp.com:8080/admin/Link/index.html [运行时间：0.038383s][吞吐率：26.05req/s] [内存消耗：2,888.90kb] [文件加载：50]
[ info ] [ LANG ] D:\www\cltphp\think\lang\zh-cn.php
[ info ] [ ROUTE ] array (
  'type' => 'module',
  'module' => 
  array (
    0 => 'admin',
    1 => 'Link',
    2 => 'index',
  ),
)
[ info ] [ HEADER ] array (
  'host' => 'test.cltphp.com:8080',
  'connection' => 'keep-alive',
  'upgrade-insecure-requests' => '1',
  'user-agent' => 'Mozilla/5.0 (Windows NT 10.0; WOW64) AppleWebKit/537.36 (KHTML, like Gecko) Chrome/63.0.3239.9 Safari/537.36',
  'accept' => 'text/html,application/xhtml+xml,application/xml;q=0.9,image/webp,image/apng,*/*;q=0.8',
  'referer' => 'http://test.cltphp.com:8080/admin/index/index.html',
  'accept-encoding' => 'gzip, deflate',
  'accept-language' => 'zh-CN,zh;q=0.9',
  'cookie' => 'PHPSESSID=cq4of1sc0sqigodubjm0of1385',
)
[ info ] [ PARAM ] array (
)
[ info ] [ LANG ] D:\www\cltphp/app/admin\lang\zh-cn.php
[ info ] [ SESSION ] INIT array (
  'id' => '',
  'var_session_id' => '',
  'prefix' => 'think',
  'type' => '',
  'auto_start' => true,
)
[ info ] [ RUN ] app\admin\controller\Link->index[ D:\www\cltphp\app\admin\controller\Link.php ]
[ info ] [ VIEW ] D:\www\cltphp/app/admin\view\link\index.html [ array (
) ]
[ info ] [ LOG ] INIT File
---------------------------------------------------------------
[ 2017-12-20T13:24:52+08:00 ] 127.0.0.1 127.0.0.1 POST /admin/link/index.html
[ info ] test.cltphp.com:8080/admin/link/index.html [运行时间：0.064791s][吞吐率：15.43req/s] [内存消耗：3,728.01kb] [文件加载：54]
[ info ] [ LANG ] D:\www\cltphp\think\lang\zh-cn.php
[ info ] [ ROUTE ] array (
  'type' => 'module',
  'module' => 
  array (
    0 => 'admin',
    1 => 'link',
    2 => 'index',
  ),
)
[ info ] [ HEADER ] array (
  'host' => 'test.cltphp.com:8080',
  'connection' => 'keep-alive',
  'content-length' => '15',
  'accept' => 'application/json, text/javascript, */*; q=0.01',
  'origin' => 'http://test.cltphp.com:8080',
  'x-requested-with' => 'XMLHttpRequest',
  'user-agent' => 'Mozilla/5.0 (Windows NT 10.0; WOW64) AppleWebKit/537.36 (KHTML, like Gecko) Chrome/63.0.3239.9 Safari/537.36',
  'content-type' => 'application/x-www-form-urlencoded; charset=UTF-8',
  'referer' => 'http://test.cltphp.com:8080/admin/Link/index.html',
  'accept-encoding' => 'gzip, deflate',
  'accept-language' => 'zh-CN,zh;q=0.9',
  'cookie' => 'PHPSESSID=cq4of1sc0sqigodubjm0of1385',
)
[ info ] [ PARAM ] array (
  'page' => '1',
  'limit' => '10',
)
[ info ] [ LANG ] D:\www\cltphp/app/admin\lang\zh-cn.php
[ info ] [ SESSION ] INIT array (
  'id' => '',
  'var_session_id' => '',
  'prefix' => 'think',
  'type' => '',
  'auto_start' => true,
)
[ info ] [ RUN ] app\admin\controller\Link->index[ D:\www\cltphp\app\admin\controller\Link.php ]
[ info ] [ DB ] INIT mysql
[ info ] [ LOG ] INIT File
[ sql ] [ DB ] CONNECT:[ UseTime:0.006287s ] mysql:dbname=kaoji;host=127.0.0.1;port=3306;charset=utf8
[ sql ] [ SQL ] SHOW COLUMNS FROM `clt_link` [ RunTime:0.018037s ]
[ sql ] [ SQL ] SELECT * FROM `clt_link` ORDER BY `sort` [ RunTime:0.000743s ]
---------------------------------------------------------------
[ 2017-12-20T13:24:54+08:00 ] 127.0.0.1 127.0.0.1 GET /admin/Ad/index.html
[ info ] test.cltphp.com:8080/admin/Ad/index.html [运行时间：0.036966s][吞吐率：27.05req/s] [内存消耗：2,928.69kb] [文件加载：50]
[ info ] [ LANG ] D:\www\cltphp\think\lang\zh-cn.php
[ info ] [ ROUTE ] array (
  'type' => 'module',
  'module' => 
  array (
    0 => 'admin',
    1 => 'Ad',
    2 => 'index',
  ),
)
[ info ] [ HEADER ] array (
  'host' => 'test.cltphp.com:8080',
  'connection' => 'keep-alive',
  'upgrade-insecure-requests' => '1',
  'user-agent' => 'Mozilla/5.0 (Windows NT 10.0; WOW64) AppleWebKit/537.36 (KHTML, like Gecko) Chrome/63.0.3239.9 Safari/537.36',
  'accept' => 'text/html,application/xhtml+xml,application/xml;q=0.9,image/webp,image/apng,*/*;q=0.8',
  'referer' => 'http://test.cltphp.com:8080/admin/index/index.html',
  'accept-encoding' => 'gzip, deflate',
  'accept-language' => 'zh-CN,zh;q=0.9',
  'cookie' => 'PHPSESSID=cq4of1sc0sqigodubjm0of1385',
)
[ info ] [ PARAM ] array (
)
[ info ] [ LANG ] D:\www\cltphp/app/admin\lang\zh-cn.php
[ info ] [ SESSION ] INIT array (
  'id' => '',
  'var_session_id' => '',
  'prefix' => 'think',
  'type' => '',
  'auto_start' => true,
)
[ info ] [ RUN ] app\admin\controller\Ad->index[ D:\www\cltphp\app\admin\controller\Ad.php ]
[ info ] [ VIEW ] D:\www\cltphp/app/admin\view\ad\index.html [ array (
) ]
[ info ] [ LOG ] INIT File
---------------------------------------------------------------
[ 2017-12-20T13:24:54+08:00 ] 127.0.0.1 127.0.0.1 POST /admin/ad/index.html
[ info ] test.cltphp.com:8080/admin/ad/index.html [运行时间：0.090312s][吞吐率：11.07req/s] [内存消耗：3,968.85kb] [文件加载：57]
[ info ] [ LANG ] D:\www\cltphp\think\lang\zh-cn.php
[ info ] [ ROUTE ] array (
  'type' => 'module',
  'module' => 
  array (
    0 => 'admin',
    1 => 'ad',
    2 => 'index',
  ),
)
[ info ] [ HEADER ] array (
  'host' => 'test.cltphp.com:8080',
  'connection' => 'keep-alive',
  'content-length' => '15',
  'accept' => 'application/json, text/javascript, */*; q=0.01',
  'origin' => 'http://test.cltphp.com:8080',
  'x-requested-with' => 'XMLHttpRequest',
  'user-agent' => 'Mozilla/5.0 (Windows NT 10.0; WOW64) AppleWebKit/537.36 (KHTML, like Gecko) Chrome/63.0.3239.9 Safari/537.36',
  'content-type' => 'application/x-www-form-urlencoded; charset=UTF-8',
  'referer' => 'http://test.cltphp.com:8080/admin/Ad/index.html',
  'accept-encoding' => 'gzip, deflate',
  'accept-language' => 'zh-CN,zh;q=0.9',
  'cookie' => 'PHPSESSID=cq4of1sc0sqigodubjm0of1385',
)
[ info ] [ PARAM ] array (
  'page' => '1',
  'limit' => '10',
)
[ info ] [ LANG ] D:\www\cltphp/app/admin\lang\zh-cn.php
[ info ] [ SESSION ] INIT array (
  'id' => '',
  'var_session_id' => '',
  'prefix' => 'think',
  'type' => '',
  'auto_start' => true,
)
[ info ] [ RUN ] app\admin\controller\Ad->index[ D:\www\cltphp\app\admin\controller\Ad.php ]
[ info ] [ DB ] INIT mysql
[ info ] [ LOG ] INIT File
[ sql ] [ DB ] CONNECT:[ UseTime:0.013871s ] mysql:dbname=kaoji;host=127.0.0.1;port=3306;charset=utf8
[ sql ] [ SQL ] SHOW COLUMNS FROM `clt_ad` [ RunTime:0.020163s ]
[ sql ] [ SQL ] SELECT COUNT(*) AS tp_count FROM `clt_ad` `a` LEFT JOIN `clt_ad_type` `at` ON `a`.`type_id`=`at`.`type_id` WHERE  `a`.`name` LIKE '%%' LIMIT 1 [ RunTime:0.002854s ]
[ sql ] [ SQL ] SELECT `a`.*,at.name as typename FROM `clt_ad` `a` LEFT JOIN `clt_ad_type` `at` ON `a`.`type_id`=`at`.`type_id` WHERE  `a`.`name` LIKE '%%' ORDER BY `a`.`sort` LIMIT 0,10 [ RunTime:0.000865s ]
---------------------------------------------------------------
[ 2017-12-20T13:24:55+08:00 ] 127.0.0.1 127.0.0.1 GET /admin/Ad/type.html
[ info ] test.cltphp.com:8080/admin/Ad/type.html [运行时间：0.036674s][吞吐率：27.27req/s] [内存消耗：2,924.02kb] [文件加载：50]
[ info ] [ LANG ] D:\www\cltphp\think\lang\zh-cn.php
[ info ] [ ROUTE ] array (
  'type' => 'module',
  'module' => 
  array (
    0 => 'admin',
    1 => 'Ad',
    2 => 'type',
  ),
)
[ info ] [ HEADER ] array (
  'host' => 'test.cltphp.com:8080',
  'connection' => 'keep-alive',
  'upgrade-insecure-requests' => '1',
  'user-agent' => 'Mozilla/5.0 (Windows NT 10.0; WOW64) AppleWebKit/537.36 (KHTML, like Gecko) Chrome/63.0.3239.9 Safari/537.36',
  'accept' => 'text/html,application/xhtml+xml,application/xml;q=0.9,image/webp,image/apng,*/*;q=0.8',
  'referer' => 'http://test.cltphp.com:8080/admin/index/index.html',
  'accept-encoding' => 'gzip, deflate',
  'accept-language' => 'zh-CN,zh;q=0.9',
  'cookie' => 'skin=0; PHPSESSID=cq4of1sc0sqigodubjm0of1385',
)
[ info ] [ PARAM ] array (
)
[ info ] [ LANG ] D:\www\cltphp/app/admin\lang\zh-cn.php
[ info ] [ SESSION ] INIT array (
  'id' => '',
  'var_session_id' => '',
  'prefix' => 'think',
  'type' => '',
  'auto_start' => true,
)
[ info ] [ RUN ] app\admin\controller\Ad->type[ D:\www\cltphp\app\admin\controller\Ad.php ]
[ info ] [ VIEW ] D:\www\cltphp/app/admin\view\ad\type.html [ array (
) ]
[ info ] [ LOG ] INIT File
---------------------------------------------------------------
[ 2017-12-20T13:24:55+08:00 ] 127.0.0.1 127.0.0.1 POST /admin/ad/type.html
[ info ] test.cltphp.com:8080/admin/ad/type.html [运行时间：0.069708s][吞吐率：14.35req/s] [内存消耗：3,763.59kb] [文件加载：54]
[ info ] [ LANG ] D:\www\cltphp\think\lang\zh-cn.php
[ info ] [ ROUTE ] array (
  'type' => 'module',
  'module' => 
  array (
    0 => 'admin',
    1 => 'ad',
    2 => 'type',
  ),
)
[ info ] [ HEADER ] array (
  'host' => 'test.cltphp.com:8080',
  'connection' => 'keep-alive',
  'content-length' => '15',
  'accept' => 'application/json, text/javascript, */*; q=0.01',
  'origin' => 'http://test.cltphp.com:8080',
  'x-requested-with' => 'XMLHttpRequest',
  'user-agent' => 'Mozilla/5.0 (Windows NT 10.0; WOW64) AppleWebKit/537.36 (KHTML, like Gecko) Chrome/63.0.3239.9 Safari/537.36',
  'content-type' => 'application/x-www-form-urlencoded; charset=UTF-8',
  'referer' => 'http://test.cltphp.com:8080/admin/Ad/type.html',
  'accept-encoding' => 'gzip, deflate',
  'accept-language' => 'zh-CN,zh;q=0.9',
  'cookie' => 'PHPSESSID=cq4of1sc0sqigodubjm0of1385',
)
[ info ] [ PARAM ] array (
  'page' => '1',
  'limit' => '10',
)
[ info ] [ LANG ] D:\www\cltphp/app/admin\lang\zh-cn.php
[ info ] [ SESSION ] INIT array (
  'id' => '',
  'var_session_id' => '',
  'prefix' => 'think',
  'type' => '',
  'auto_start' => true,
)
[ info ] [ RUN ] app\admin\controller\Ad->type[ D:\www\cltphp\app\admin\controller\Ad.php ]
[ info ] [ DB ] INIT mysql
[ info ] [ LOG ] INIT File
[ sql ] [ DB ] CONNECT:[ UseTime:0.010546s ] mysql:dbname=kaoji;host=127.0.0.1;port=3306;charset=utf8
[ sql ] [ SQL ] SHOW COLUMNS FROM `clt_ad_type` [ RunTime:0.017684s ]
[ sql ] [ SQL ] SELECT * FROM `clt_ad_type` WHERE  `name` LIKE '%%' ORDER BY `sort` [ RunTime:0.000528s ]
---------------------------------------------------------------
[ 2017-12-20T13:24:58+08:00 ] 127.0.0.1 127.0.0.1 GET /admin/Users/userGroup.html
[ info ] test.cltphp.com:8080/admin/Users/userGroup.html [运行时间：0.035415s][吞吐率：28.24req/s] [内存消耗：2,938.59kb] [文件加载：50]
[ info ] [ LANG ] D:\www\cltphp\think\lang\zh-cn.php
[ info ] [ ROUTE ] array (
  'type' => 'module',
  'module' => 
  array (
    0 => 'admin',
    1 => 'Users',
    2 => 'userGroup',
  ),
)
[ info ] [ HEADER ] array (
  'host' => 'test.cltphp.com:8080',
  'connection' => 'keep-alive',
  'upgrade-insecure-requests' => '1',
  'user-agent' => 'Mozilla/5.0 (Windows NT 10.0; WOW64) AppleWebKit/537.36 (KHTML, like Gecko) Chrome/63.0.3239.9 Safari/537.36',
  'accept' => 'text/html,application/xhtml+xml,application/xml;q=0.9,image/webp,image/apng,*/*;q=0.8',
  'referer' => 'http://test.cltphp.com:8080/admin/index/index.html',
  'accept-encoding' => 'gzip, deflate',
  'accept-language' => 'zh-CN,zh;q=0.9',
  'cookie' => 'PHPSESSID=cq4of1sc0sqigodubjm0of1385',
)
[ info ] [ PARAM ] array (
)
[ info ] [ LANG ] D:\www\cltphp/app/admin\lang\zh-cn.php
[ info ] [ SESSION ] INIT array (
  'id' => '',
  'var_session_id' => '',
  'prefix' => 'think',
  'type' => '',
  'auto_start' => true,
)
[ info ] [ RUN ] app\admin\controller\Users->userGroup[ D:\www\cltphp\app\admin\controller\Users.php ]
[ info ] [ VIEW ] D:\www\cltphp/app/admin\view\users\userGroup.html [ array (
) ]
[ info ] [ LOG ] INIT File
---------------------------------------------------------------
[ 2017-12-20T13:24:58+08:00 ] 127.0.0.1 127.0.0.1 POST /admin/users/userGroup.html
[ info ] test.cltphp.com:8080/admin/users/userGroup.html [运行时间：0.071008s][吞吐率：14.08req/s] [内存消耗：3,779.53kb] [文件加载：54]
[ info ] [ LANG ] D:\www\cltphp\think\lang\zh-cn.php
[ info ] [ ROUTE ] array (
  'type' => 'module',
  'module' => 
  array (
    0 => 'admin',
    1 => 'users',
    2 => 'userGroup',
  ),
)
[ info ] [ HEADER ] array (
  'host' => 'test.cltphp.com:8080',
  'connection' => 'keep-alive',
  'content-length' => '15',
  'accept' => 'application/json, text/javascript, */*; q=0.01',
  'origin' => 'http://test.cltphp.com:8080',
  'x-requested-with' => 'XMLHttpRequest',
  'user-agent' => 'Mozilla/5.0 (Windows NT 10.0; WOW64) AppleWebKit/537.36 (KHTML, like Gecko) Chrome/63.0.3239.9 Safari/537.36',
  'content-type' => 'application/x-www-form-urlencoded; charset=UTF-8',
  'referer' => 'http://test.cltphp.com:8080/admin/Users/userGroup.html',
  'accept-encoding' => 'gzip, deflate',
  'accept-language' => 'zh-CN,zh;q=0.9',
  'cookie' => 'PHPSESSID=cq4of1sc0sqigodubjm0of1385',
)
[ info ] [ PARAM ] array (
  'page' => '1',
  'limit' => '10',
)
[ info ] [ LANG ] D:\www\cltphp/app/admin\lang\zh-cn.php
[ info ] [ SESSION ] INIT array (
  'id' => '',
  'var_session_id' => '',
  'prefix' => 'think',
  'type' => '',
  'auto_start' => true,
)
[ info ] [ RUN ] app\admin\controller\Users->userGroup[ D:\www\cltphp\app\admin\controller\Users.php ]
[ info ] [ DB ] INIT mysql
[ info ] [ LOG ] INIT File
[ sql ] [ DB ] CONNECT:[ UseTime:0.002491s ] mysql:dbname=kaoji;host=127.0.0.1;port=3306;charset=utf8
[ sql ] [ SQL ] SHOW COLUMNS FROM `clt_user_level` [ RunTime:0.016790s ]
[ sql ] [ SQL ] SELECT * FROM `clt_user_level` ORDER BY `sort` [ RunTime:0.000558s ]
---------------------------------------------------------------
[ 2017-12-20T13:24:59+08:00 ] 127.0.0.1 127.0.0.1 GET /admin/Users/index.html
[ info ] test.cltphp.com:8080/admin/Users/index.html [运行时间：0.036229s][吞吐率：27.60req/s] [内存消耗：2,942.54kb] [文件加载：50]
[ info ] [ LANG ] D:\www\cltphp\think\lang\zh-cn.php
[ info ] [ ROUTE ] array (
  'type' => 'module',
  'module' => 
  array (
    0 => 'admin',
    1 => 'Users',
    2 => 'index',
  ),
)
[ info ] [ HEADER ] array (
  'host' => 'test.cltphp.com:8080',
  'connection' => 'keep-alive',
  'upgrade-insecure-requests' => '1',
  'user-agent' => 'Mozilla/5.0 (Windows NT 10.0; WOW64) AppleWebKit/537.36 (KHTML, like Gecko) Chrome/63.0.3239.9 Safari/537.36',
  'accept' => 'text/html,application/xhtml+xml,application/xml;q=0.9,image/webp,image/apng,*/*;q=0.8',
  'referer' => 'http://test.cltphp.com:8080/admin/index/index.html',
  'accept-encoding' => 'gzip, deflate',
  'accept-language' => 'zh-CN,zh;q=0.9',
  'cookie' => 'skin=0; PHPSESSID=cq4of1sc0sqigodubjm0of1385',
)
[ info ] [ PARAM ] array (
)
[ info ] [ LANG ] D:\www\cltphp/app/admin\lang\zh-cn.php
[ info ] [ SESSION ] INIT array (
  'id' => '',
  'var_session_id' => '',
  'prefix' => 'think',
  'type' => '',
  'auto_start' => true,
)
[ info ] [ RUN ] app\admin\controller\Users->index[ D:\www\cltphp\app\admin\controller\Users.php ]
[ info ] [ VIEW ] D:\www\cltphp/app/admin\view\users\index.html [ array (
) ]
[ info ] [ LOG ] INIT File
---------------------------------------------------------------
[ 2017-12-20T13:25:00+08:00 ] 127.0.0.1 127.0.0.1 POST /admin/users/index.html
[ info ] test.cltphp.com:8080/admin/users/index.html [运行时间：0.081808s][吞吐率：12.22req/s] [内存消耗：4,018.40kb] [文件加载：57]
[ info ] [ LANG ] D:\www\cltphp\think\lang\zh-cn.php
[ info ] [ ROUTE ] array (
  'type' => 'module',
  'module' => 
  array (
    0 => 'admin',
    1 => 'users',
    2 => 'index',
  ),
)
[ info ] [ HEADER ] array (
  'host' => 'test.cltphp.com:8080',
  'connection' => 'keep-alive',
  'content-length' => '15',
  'accept' => 'application/json, text/javascript, */*; q=0.01',
  'origin' => 'http://test.cltphp.com:8080',
  'x-requested-with' => 'XMLHttpRequest',
  'user-agent' => 'Mozilla/5.0 (Windows NT 10.0; WOW64) AppleWebKit/537.36 (KHTML, like Gecko) Chrome/63.0.3239.9 Safari/537.36',
  'content-type' => 'application/x-www-form-urlencoded; charset=UTF-8',
  'referer' => 'http://test.cltphp.com:8080/admin/Users/index.html',
  'accept-encoding' => 'gzip, deflate',
  'accept-language' => 'zh-CN,zh;q=0.9',
  'cookie' => 'PHPSESSID=cq4of1sc0sqigodubjm0of1385',
)
[ info ] [ PARAM ] array (
  'page' => '1',
  'limit' => '10',
)
[ info ] [ LANG ] D:\www\cltphp/app/admin\lang\zh-cn.php
[ info ] [ SESSION ] INIT array (
  'id' => '',
  'var_session_id' => '',
  'prefix' => 'think',
  'type' => '',
  'auto_start' => true,
)
[ info ] [ RUN ] app\admin\controller\Users->index[ D:\www\cltphp\app\admin\controller\Users.php ]
[ info ] [ DB ] INIT mysql
[ info ] [ LOG ] INIT File
[ sql ] [ DB ] CONNECT:[ UseTime:0.001663s ] mysql:dbname=kaoji;host=127.0.0.1;port=3306;charset=utf8
[ sql ] [ SQL ] SHOW COLUMNS FROM `clt_users` [ RunTime:0.022946s ]
[ sql ] [ SQL ] SELECT COUNT(*) AS tp_count FROM `clt_users` `u` LEFT JOIN `clt_user_level` `ul` ON `u`.`level`=`ul`.`level_id` WHERE  ( `u`.`email` LIKE '%%' OR `u`.`mobile` LIKE '%%' OR `u`.`username` LIKE '%%' ) LIMIT 1 [ RunTime:0.004760s ]
[ sql ] [ SQL ] SELECT `u`.*,`ul`.`level_name` FROM `clt_users` `u` LEFT JOIN `clt_user_level` `ul` ON `u`.`level`=`ul`.`level_id` WHERE  ( `u`.`email` LIKE '%%' OR `u`.`mobile` LIKE '%%' OR `u`.`username` LIKE '%%' ) ORDER BY u.id desc LIMIT 0,10 [ RunTime:0.002856s ]
---------------------------------------------------------------
[ 2017-12-20T13:25:02+08:00 ] 127.0.0.1 127.0.0.1 GET /admin/users/edit.html?id=2599
[ info ] test.cltphp.com:8080/admin/users/edit.html?id=2599 [运行时间：0.087012s][吞吐率：11.49req/s] [内存消耗：4,626.13kb] [文件加载：59]
[ info ] [ LANG ] D:\www\cltphp\think\lang\zh-cn.php
[ info ] [ ROUTE ] array (
  'type' => 'module',
  'module' => 
  array (
    0 => 'admin',
    1 => 'users',
    2 => 'edit',
  ),
)
[ info ] [ HEADER ] array (
  'host' => 'test.cltphp.com:8080',
  'connection' => 'keep-alive',
  'upgrade-insecure-requests' => '1',
  'user-agent' => 'Mozilla/5.0 (Windows NT 10.0; WOW64) AppleWebKit/537.36 (KHTML, like Gecko) Chrome/63.0.3239.9 Safari/537.36',
  'accept' => 'text/html,application/xhtml+xml,application/xml;q=0.9,image/webp,image/apng,*/*;q=0.8',
  'referer' => 'http://test.cltphp.com:8080/admin/Users/index.html',
  'accept-encoding' => 'gzip, deflate',
  'accept-language' => 'zh-CN,zh;q=0.9',
  'cookie' => 'PHPSESSID=cq4of1sc0sqigodubjm0of1385',
)
[ info ] [ PARAM ] array (
  'id' => '2599',
)
[ info ] [ LANG ] D:\www\cltphp/app/admin\lang\zh-cn.php
[ info ] [ SESSION ] INIT array (
  'id' => '',
  'var_session_id' => '',
  'prefix' => 'think',
  'type' => '',
  'auto_start' => true,
)
[ info ] [ RUN ] app\admin\controller\Users->edit[ D:\www\cltphp\app\admin\controller\Users.php ]
[ info ] [ DB ] INIT mysql
[ info ] [ VIEW ] D:\www\cltphp/app/admin\view\users\edit.html [ array (
  0 => 'info',
  1 => 'title',
  2 => 'province',
  3 => 'user_level',
  4 => 'city',
  5 => 'district',
) ]
[ info ] [ LOG ] INIT File
[ sql ] [ DB ] CONNECT:[ UseTime:0.001480s ] mysql:dbname=kaoji;host=127.0.0.1;port=3306;charset=utf8
[ sql ] [ SQL ] SHOW COLUMNS FROM `clt_region` [ RunTime:0.014124s ]
[ sql ] [ SQL ] SELECT * FROM `clt_region` WHERE  `pid` = 1 [ RunTime:0.002150s ]
[ sql ] [ SQL ] SHOW COLUMNS FROM `clt_user_level` [ RunTime:0.010764s ]
[ sql ] [ SQL ] SELECT * FROM `clt_user_level` ORDER BY `sort` [ RunTime:0.000836s ]
[ sql ] [ SQL ] SHOW COLUMNS FROM `clt_users` [ RunTime:0.010845s ]
[ sql ] [ SQL ] SELECT * FROM `clt_users` WHERE  `id` = 2599 LIMIT 1 [ RunTime:0.000783s ]
[ sql ] [ SQL ] SELECT * FROM `clt_region` WHERE  `pid` = 0 [ RunTime:0.000791s ]
[ sql ] [ SQL ] SELECT * FROM `clt_region` WHERE  `pid` = 0 [ RunTime:0.000915s ]
---------------------------------------------------------------
[ 2017-12-20T13:25:02+08:00 ] 127.0.0.1 127.0.0.1 GET /public/static/common/js/angular.min.js.map
[ info ] test.cltphp.com:8080/public/static/common/js/angular.min.js.map [运行时间：0.031834s][吞吐率：31.41req/s] [内存消耗：2,035.32kb] [文件加载：33]
[ info ] [ LANG ] D:\www\cltphp\think\lang\zh-cn.php
[ info ] [ ROUTE ] array (
  'type' => 'module',
  'module' => 
  array (
    0 => 'public',
    1 => 'static',
    2 => 'common',
  ),
)
[ info ] [ HEADER ] array (
  'host' => 'test.cltphp.com:8080',
  'connection' => 'keep-alive',
  'user-agent' => 'Mozilla/5.0 (Windows NT 10.0; WOW64) AppleWebKit/537.36 (KHTML, like Gecko) Chrome/63.0.3239.9 Safari/537.36',
  'accept-encoding' => 'gzip, deflate',
  'accept-language' => 'zh-CN,zh;q=0.9',
  'cookie' => 'PHPSESSID=cq4of1sc0sqigodubjm0of1385',
)
[ info ] [ PARAM ] array (
  'js' => 'angular.min.js.map',
)
[ info ] [ LOG ] INIT File
---------------------------------------------------------------
[ 2017-12-20T13:25:04+08:00 ] 127.0.0.1 127.0.0.1 GET /admin/users/index.html
[ info ] test.cltphp.com:8080/admin/users/index.html [运行时间：0.027478s][吞吐率：36.39req/s] [内存消耗：2,717.40kb] [文件加载：48]
[ info ] [ LANG ] D:\www\cltphp\think\lang\zh-cn.php
[ info ] [ ROUTE ] array (
  'type' => 'module',
  'module' => 
  array (
    0 => 'admin',
    1 => 'users',
    2 => 'index',
  ),
)
[ info ] [ HEADER ] array (
  'host' => 'test.cltphp.com:8080',
  'connection' => 'keep-alive',
  'upgrade-insecure-requests' => '1',
  'user-agent' => 'Mozilla/5.0 (Windows NT 10.0; WOW64) AppleWebKit/537.36 (KHTML, like Gecko) Chrome/63.0.3239.9 Safari/537.36',
  'accept' => 'text/html,application/xhtml+xml,application/xml;q=0.9,image/webp,image/apng,*/*;q=0.8',
  'referer' => 'http://test.cltphp.com:8080/admin/users/edit.html?id=2599',
  'accept-encoding' => 'gzip, deflate',
  'accept-language' => 'zh-CN,zh;q=0.9',
  'cookie' => 'skin=0; PHPSESSID=cq4of1sc0sqigodubjm0of1385',
)
[ info ] [ PARAM ] array (
)
[ info ] [ LANG ] D:\www\cltphp/app/admin\lang\zh-cn.php
[ info ] [ SESSION ] INIT array (
  'id' => '',
  'var_session_id' => '',
  'prefix' => 'think',
  'type' => '',
  'auto_start' => true,
)
[ info ] [ RUN ] app\admin\controller\Users->index[ D:\www\cltphp\app\admin\controller\Users.php ]
[ info ] [ VIEW ] D:\www\cltphp/app/admin\view\users\index.html [ array (
) ]
[ info ] [ LOG ] INIT File
---------------------------------------------------------------
[ 2017-12-20T13:25:04+08:00 ] 127.0.0.1 127.0.0.1 POST /admin/users/index.html
[ info ] test.cltphp.com:8080/admin/users/index.html [运行时间：0.064889s][吞吐率：15.41req/s] [内存消耗：4,017.95kb] [文件加载：57]
[ info ] [ LANG ] D:\www\cltphp\think\lang\zh-cn.php
[ info ] [ ROUTE ] array (
  'type' => 'module',
  'module' => 
  array (
    0 => 'admin',
    1 => 'users',
    2 => 'index',
  ),
)
[ info ] [ HEADER ] array (
  'host' => 'test.cltphp.com:8080',
  'connection' => 'keep-alive',
  'content-length' => '15',
  'accept' => 'application/json, text/javascript, */*; q=0.01',
  'origin' => 'http://test.cltphp.com:8080',
  'x-requested-with' => 'XMLHttpRequest',
  'user-agent' => 'Mozilla/5.0 (Windows NT 10.0; WOW64) AppleWebKit/537.36 (KHTML, like Gecko) Chrome/63.0.3239.9 Safari/537.36',
  'content-type' => 'application/x-www-form-urlencoded; charset=UTF-8',
  'referer' => 'http://test.cltphp.com:8080/admin/users/index.html',
  'accept-encoding' => 'gzip, deflate',
  'accept-language' => 'zh-CN,zh;q=0.9',
  'cookie' => 'skin=0; PHPSESSID=cq4of1sc0sqigodubjm0of1385',
)
[ info ] [ PARAM ] array (
  'page' => '1',
  'limit' => '10',
)
[ info ] [ LANG ] D:\www\cltphp/app/admin\lang\zh-cn.php
[ info ] [ SESSION ] INIT array (
  'id' => '',
  'var_session_id' => '',
  'prefix' => 'think',
  'type' => '',
  'auto_start' => true,
)
[ info ] [ RUN ] app\admin\controller\Users->index[ D:\www\cltphp\app\admin\controller\Users.php ]
[ info ] [ DB ] INIT mysql
[ info ] [ LOG ] INIT File
[ sql ] [ DB ] CONNECT:[ UseTime:0.002734s ] mysql:dbname=kaoji;host=127.0.0.1;port=3306;charset=utf8
[ sql ] [ SQL ] SHOW COLUMNS FROM `clt_users` [ RunTime:0.016923s ]
[ sql ] [ SQL ] SELECT COUNT(*) AS tp_count FROM `clt_users` `u` LEFT JOIN `clt_user_level` `ul` ON `u`.`level`=`ul`.`level_id` WHERE  ( `u`.`email` LIKE '%%' OR `u`.`mobile` LIKE '%%' OR `u`.`username` LIKE '%%' ) LIMIT 1 [ RunTime:0.001009s ]
[ sql ] [ SQL ] SELECT `u`.*,`ul`.`level_name` FROM `clt_users` `u` LEFT JOIN `clt_user_level` `ul` ON `u`.`level`=`ul`.`level_id` WHERE  ( `u`.`email` LIKE '%%' OR `u`.`mobile` LIKE '%%' OR `u`.`username` LIKE '%%' ) ORDER BY u.id desc LIMIT 0,10 [ RunTime:0.001925s ]
